This is pdfTeX, Version 3.14159265-2.6-1.40.21 (TeX Live 2020) (preloaded format=pdflatex 2020.11.18)  17 FEB 2023 11:37
entering extended mode
 restricted \write18 enabled.
 %&-line parsing enabled.
**Main.tex
(./Main.tex
LaTeX2e <2020-02-02> patch level 5
L3 programming layer <2020-03-06>
(/usr/local/texlive/2020/texmf-dist/tex/latex/beamer/beamer.cls
Document Class: beamer 2019/09/29 v3.57 A class for typesetting presentations
(/usr/local/texlive/2020/texmf-dist/tex/latex/beamer/beamerbasemodes.sty
(/usr/local/texlive/2020/texmf-dist/tex/latex/etoolbox/etoolbox.sty
Package: etoolbox 2019/09/21 v2.5h e-TeX tools for LaTeX (JAW)
\etb@tempcnta=\count167
)
\beamer@tempbox=\box45
\beamer@tempcount=\count168
\c@beamerpauses=\count169

(/usr/local/texlive/2020/texmf-dist/tex/latex/beamer/beamerbasedecode.sty
\beamer@slideinframe=\count170
\beamer@minimum=\count171
\beamer@decode@box=\box46
)
\beamer@commentbox=\box47
\beamer@modecount=\count172
)
(/usr/local/texlive/2020/texmf-dist/tex/generic/iftex/ifpdf.sty
Package: ifpdf 2019/10/25 v3.4 ifpdf legacy package. Use iftex instead.

(/usr/local/texlive/2020/texmf-dist/tex/generic/iftex/iftex.sty
Package: iftex 2020/03/06 v1.0d TeX engine tests
))
\headdp=\dimen134
\footheight=\dimen135
\sidebarheight=\dimen136
\beamer@tempdim=\dimen137
\beamer@finalheight=\dimen138
\beamer@animht=\dimen139
\beamer@animdp=\dimen140
\beamer@animwd=\dimen141
\beamer@leftmargin=\dimen142
\beamer@rightmargin=\dimen143
\beamer@leftsidebar=\dimen144
\beamer@rightsidebar=\dimen145
\beamer@boxsize=\dimen146
\beamer@vboxoffset=\dimen147
\beamer@descdefault=\dimen148
\beamer@descriptionwidth=\dimen149
\beamer@lastskip=\skip47
\beamer@areabox=\box48
\beamer@animcurrent=\box49
\beamer@animshowbox=\box50
\beamer@sectionbox=\box51
\beamer@logobox=\box52
\beamer@linebox=\box53
\beamer@sectioncount=\count173
\beamer@subsubsectionmax=\count174
\beamer@subsectionmax=\count175
\beamer@sectionmax=\count176
\beamer@totalheads=\count177
\beamer@headcounter=\count178
\beamer@partstartpage=\count179
\beamer@sectionstartpage=\count180
\beamer@subsectionstartpage=\count181
\beamer@animationtempa=\count182
\beamer@animationtempb=\count183
\beamer@xpos=\count184
\beamer@ypos=\count185
\beamer@ypos@offset=\count186
\beamer@showpartnumber=\count187
\beamer@currentsubsection=\count188
\beamer@coveringdepth=\count189
\beamer@sectionadjust=\count190
\beamer@tocsectionnumber=\count191

(/usr/local/texlive/2020/texmf-dist/tex/latex/beamer/beamerbaseoptions.sty
(/usr/local/texlive/2020/texmf-dist/tex/latex/graphics/keyval.sty
Package: keyval 2014/10/28 v1.15 key=value parser (DPC)
\KV@toks@=\toks15
))
\beamer@paperwidth=\skip48
\beamer@paperheight=\skip49

(/usr/local/texlive/2020/texmf-dist/tex/latex/geometry/geometry.sty
Package: geometry 2020/01/02 v5.9 Page Geometry

(/usr/local/texlive/2020/texmf-dist/tex/generic/iftex/ifvtex.sty
Package: ifvtex 2019/10/25 v1.7 ifvtex legacy package. Use iftex instead.
)
\Gm@cnth=\count192
\Gm@cntv=\count193
\c@Gm@tempcnt=\count194
\Gm@bindingoffset=\dimen150
\Gm@wd@mp=\dimen151
\Gm@odd@mp=\dimen152
\Gm@even@mp=\dimen153
\Gm@layoutwidth=\dimen154
\Gm@layoutheight=\dimen155
\Gm@layouthoffset=\dimen156
\Gm@layoutvoffset=\dimen157
\Gm@dimlist=\toks16
)
(/usr/local/texlive/2020/texmf-dist/tex/latex/base/size11.clo
File: size11.clo 2019/12/20 v1.4l Standard LaTeX file (size option)
)
(/usr/local/texlive/2020/texmf-dist/tex/latex/pgf/basiclayer/pgfcore.sty
(/usr/local/texlive/2020/texmf-dist/tex/latex/graphics/graphicx.sty
Package: graphicx 2019/11/30 v1.2a Enhanced LaTeX Graphics (DPC,SPQR)

(/usr/local/texlive/2020/texmf-dist/tex/latex/graphics/graphics.sty
Package: graphics 2019/11/30 v1.4a Standard LaTeX Graphics (DPC,SPQR)

(/usr/local/texlive/2020/texmf-dist/tex/latex/graphics/trig.sty
Package: trig 2016/01/03 v1.10 sin cos tan (DPC)
)
(/usr/local/texlive/2020/texmf-dist/tex/latex/graphics-cfg/graphics.cfg
File: graphics.cfg 2016/06/04 v1.11 sample graphics configuration
)
Package graphics Info: Driver file: pdftex.def on input line 105.

(/usr/local/texlive/2020/texmf-dist/tex/latex/graphics-def/pdftex.def
File: pdftex.def 2018/01/08 v1.0l Graphics/color driver for pdftex
))
\Gin@req@height=\dimen158
\Gin@req@width=\dimen159
)
(/usr/local/texlive/2020/texmf-dist/tex/latex/pgf/systemlayer/pgfsys.sty
(/usr/local/texlive/2020/texmf-dist/tex/latex/pgf/utilities/pgfrcs.sty
(/usr/local/texlive/2020/texmf-dist/tex/generic/pgf/utilities/pgfutil-common.te
x
\pgfutil@everybye=\toks17
\pgfutil@tempdima=\dimen160
\pgfutil@tempdimb=\dimen161

(/usr/local/texlive/2020/texmf-dist/tex/generic/pgf/utilities/pgfutil-common-li
sts.tex))
(/usr/local/texlive/2020/texmf-dist/tex/generic/pgf/utilities/pgfutil-latex.def
\pgfutil@abb=\box54
(/usr/local/texlive/2020/texmf-dist/tex/latex/ms/everyshi.sty
Package: everyshi 2001/05/15 v3.00 EveryShipout Package (MS)
))
(/usr/local/texlive/2020/texmf-dist/tex/generic/pgf/utilities/pgfrcs.code.tex
(/usr/local/texlive/2020/texmf-dist/tex/generic/pgf/pgf.revision.tex)
Package: pgfrcs 2020/01/08 v3.1.5b (3.1.5b)
))
(/usr/local/texlive/2020/texmf-dist/tex/generic/pgf/systemlayer/pgfsys.code.tex
Package: pgfsys 2020/01/08 v3.1.5b (3.1.5b)
(/usr/local/texlive/2020/texmf-dist/tex/generic/pgf/utilities/pgfkeys.code.tex
\pgfkeys@pathtoks=\toks18
\pgfkeys@temptoks=\toks19

(/usr/local/texlive/2020/texmf-dist/tex/generic/pgf/utilities/pgfkeysfiltered.c
ode.tex
\pgfkeys@tmptoks=\toks20
))
\pgf@x=\dimen162
\pgf@y=\dimen163
\pgf@xa=\dimen164
\pgf@ya=\dimen165
\pgf@xb=\dimen166
\pgf@yb=\dimen167
\pgf@xc=\dimen168
\pgf@yc=\dimen169
\pgf@xd=\dimen170
\pgf@yd=\dimen171
\w@pgf@writea=\write3
\r@pgf@reada=\read2
\c@pgf@counta=\count195
\c@pgf@countb=\count196
\c@pgf@countc=\count197
\c@pgf@countd=\count198
\t@pgf@toka=\toks21
\t@pgf@tokb=\toks22
\t@pgf@tokc=\toks23
\pgf@sys@id@count=\count199

(/usr/local/texlive/2020/texmf-dist/tex/generic/pgf/systemlayer/pgf.cfg
File: pgf.cfg 2020/01/08 v3.1.5b (3.1.5b)
)
Driver file for pgf: pgfsys-pdftex.def

(/usr/local/texlive/2020/texmf-dist/tex/generic/pgf/systemlayer/pgfsys-pdftex.d
ef
File: pgfsys-pdftex.def 2020/01/08 v3.1.5b (3.1.5b)

(/usr/local/texlive/2020/texmf-dist/tex/generic/pgf/systemlayer/pgfsys-common-p
df.def
File: pgfsys-common-pdf.def 2020/01/08 v3.1.5b (3.1.5b)
)))
(/usr/local/texlive/2020/texmf-dist/tex/generic/pgf/systemlayer/pgfsyssoftpath.
code.tex
File: pgfsyssoftpath.code.tex 2020/01/08 v3.1.5b (3.1.5b)
\pgfsyssoftpath@smallbuffer@items=\count266
\pgfsyssoftpath@bigbuffer@items=\count267
)
(/usr/local/texlive/2020/texmf-dist/tex/generic/pgf/systemlayer/pgfsysprotocol.
code.tex
File: pgfsysprotocol.code.tex 2020/01/08 v3.1.5b (3.1.5b)
)) (/usr/local/texlive/2020/texmf-dist/tex/latex/xcolor/xcolor.sty
Package: xcolor 2016/05/11 v2.12 LaTeX color extensions (UK)

(/usr/local/texlive/2020/texmf-dist/tex/latex/graphics-cfg/color.cfg
File: color.cfg 2016/01/02 v1.6 sample color configuration
)
Package xcolor Info: Driver file: pdftex.def on input line 225.
Package xcolor Info: Model `cmy' substituted by `cmy0' on input line 1348.
Package xcolor Info: Model `hsb' substituted by `rgb' on input line 1352.
Package xcolor Info: Model `RGB' extended on input line 1364.
Package xcolor Info: Model `HTML' substituted by `rgb' on input line 1366.
Package xcolor Info: Model `Hsb' substituted by `hsb' on input line 1367.
Package xcolor Info: Model `tHsb' substituted by `hsb' on input line 1368.
Package xcolor Info: Model `HSB' substituted by `hsb' on input line 1369.
Package xcolor Info: Model `Gray' substituted by `gray' on input line 1370.
Package xcolor Info: Model `wave' substituted by `hsb' on input line 1371.
)
(/usr/local/texlive/2020/texmf-dist/tex/generic/pgf/basiclayer/pgfcore.code.tex
Package: pgfcore 2020/01/08 v3.1.5b (3.1.5b)
(/usr/local/texlive/2020/texmf-dist/tex/generic/pgf/math/pgfmath.code.tex
(/usr/local/texlive/2020/texmf-dist/tex/generic/pgf/math/pgfmathcalc.code.tex
(/usr/local/texlive/2020/texmf-dist/tex/generic/pgf/math/pgfmathutil.code.tex)
(/usr/local/texlive/2020/texmf-dist/tex/generic/pgf/math/pgfmathparser.code.tex
\pgfmath@dimen=\dimen172
\pgfmath@count=\count268
\pgfmath@box=\box55
\pgfmath@toks=\toks24
\pgfmath@stack@operand=\toks25
\pgfmath@stack@operation=\toks26
)
(/usr/local/texlive/2020/texmf-dist/tex/generic/pgf/math/pgfmathfunctions.code.
tex
(/usr/local/texlive/2020/texmf-dist/tex/generic/pgf/math/pgfmathfunctions.basic
.code.tex)
(/usr/local/texlive/2020/texmf-dist/tex/generic/pgf/math/pgfmathfunctions.trigo
nometric.code.tex)
(/usr/local/texlive/2020/texmf-dist/tex/generic/pgf/math/pgfmathfunctions.rando
m.code.tex)
(/usr/local/texlive/2020/texmf-dist/tex/generic/pgf/math/pgfmathfunctions.compa
rison.code.tex)
(/usr/local/texlive/2020/texmf-dist/tex/generic/pgf/math/pgfmathfunctions.base.
code.tex)
(/usr/local/texlive/2020/texmf-dist/tex/generic/pgf/math/pgfmathfunctions.round
.code.tex)
(/usr/local/texlive/2020/texmf-dist/tex/generic/pgf/math/pgfmathfunctions.misc.
code.tex)
(/usr/local/texlive/2020/texmf-dist/tex/generic/pgf/math/pgfmathfunctions.integ
erarithmetics.code.tex)))
(/usr/local/texlive/2020/texmf-dist/tex/generic/pgf/math/pgfmathfloat.code.tex
\c@pgfmathroundto@lastzeros=\count269
)) (/usr/local/texlive/2020/texmf-dist/tex/generic/pgf/math/pgfint.code.tex)
(/usr/local/texlive/2020/texmf-dist/tex/generic/pgf/basiclayer/pgfcorepoints.co
de.tex
File: pgfcorepoints.code.tex 2020/01/08 v3.1.5b (3.1.5b)
\pgf@picminx=\dimen173
\pgf@picmaxx=\dimen174
\pgf@picminy=\dimen175
\pgf@picmaxy=\dimen176
\pgf@pathminx=\dimen177
\pgf@pathmaxx=\dimen178
\pgf@pathminy=\dimen179
\pgf@pathmaxy=\dimen180
\pgf@xx=\dimen181
\pgf@xy=\dimen182
\pgf@yx=\dimen183
\pgf@yy=\dimen184
\pgf@zx=\dimen185
\pgf@zy=\dimen186
)
(/usr/local/texlive/2020/texmf-dist/tex/generic/pgf/basiclayer/pgfcorepathconst
ruct.code.tex
File: pgfcorepathconstruct.code.tex 2020/01/08 v3.1.5b (3.1.5b)
\pgf@path@lastx=\dimen187
\pgf@path@lasty=\dimen188
)
(/usr/local/texlive/2020/texmf-dist/tex/generic/pgf/basiclayer/pgfcorepathusage
.code.tex
File: pgfcorepathusage.code.tex 2020/01/08 v3.1.5b (3.1.5b)
\pgf@shorten@end@additional=\dimen189
\pgf@shorten@start@additional=\dimen190
)
(/usr/local/texlive/2020/texmf-dist/tex/generic/pgf/basiclayer/pgfcorescopes.co
de.tex
File: pgfcorescopes.code.tex 2020/01/08 v3.1.5b (3.1.5b)
\pgfpic=\box56
\pgf@hbox=\box57
\pgf@layerbox@main=\box58
\pgf@picture@serial@count=\count270
)
(/usr/local/texlive/2020/texmf-dist/tex/generic/pgf/basiclayer/pgfcoregraphicst
ate.code.tex
File: pgfcoregraphicstate.code.tex 2020/01/08 v3.1.5b (3.1.5b)
\pgflinewidth=\dimen191
)
(/usr/local/texlive/2020/texmf-dist/tex/generic/pgf/basiclayer/pgfcoretransform
ations.code.tex
File: pgfcoretransformations.code.tex 2020/01/08 v3.1.5b (3.1.5b)
\pgf@pt@x=\dimen192
\pgf@pt@y=\dimen193
\pgf@pt@temp=\dimen194
)
(/usr/local/texlive/2020/texmf-dist/tex/generic/pgf/basiclayer/pgfcorequick.cod
e.tex
File: pgfcorequick.code.tex 2020/01/08 v3.1.5b (3.1.5b)
)
(/usr/local/texlive/2020/texmf-dist/tex/generic/pgf/basiclayer/pgfcoreobjects.c
ode.tex
File: pgfcoreobjects.code.tex 2020/01/08 v3.1.5b (3.1.5b)
)
(/usr/local/texlive/2020/texmf-dist/tex/generic/pgf/basiclayer/pgfcorepathproce
ssing.code.tex
File: pgfcorepathprocessing.code.tex 2020/01/08 v3.1.5b (3.1.5b)
)
(/usr/local/texlive/2020/texmf-dist/tex/generic/pgf/basiclayer/pgfcorearrows.co
de.tex
File: pgfcorearrows.code.tex 2020/01/08 v3.1.5b (3.1.5b)
\pgfarrowsep=\dimen195
)
(/usr/local/texlive/2020/texmf-dist/tex/generic/pgf/basiclayer/pgfcoreshade.cod
e.tex
File: pgfcoreshade.code.tex 2020/01/08 v3.1.5b (3.1.5b)
\pgf@max=\dimen196
\pgf@sys@shading@range@num=\count271
\pgf@shadingcount=\count272
)
(/usr/local/texlive/2020/texmf-dist/tex/generic/pgf/basiclayer/pgfcoreimage.cod
e.tex
File: pgfcoreimage.code.tex 2020/01/08 v3.1.5b (3.1.5b)

(/usr/local/texlive/2020/texmf-dist/tex/generic/pgf/basiclayer/pgfcoreexternal.
code.tex
File: pgfcoreexternal.code.tex 2020/01/08 v3.1.5b (3.1.5b)
\pgfexternal@startupbox=\box59
))
(/usr/local/texlive/2020/texmf-dist/tex/generic/pgf/basiclayer/pgfcorelayers.co
de.tex
File: pgfcorelayers.code.tex 2020/01/08 v3.1.5b (3.1.5b)
)
(/usr/local/texlive/2020/texmf-dist/tex/generic/pgf/basiclayer/pgfcoretranspare
ncy.code.tex
File: pgfcoretransparency.code.tex 2020/01/08 v3.1.5b (3.1.5b)
)
(/usr/local/texlive/2020/texmf-dist/tex/generic/pgf/basiclayer/pgfcorepatterns.
code.tex
File: pgfcorepatterns.code.tex 2020/01/08 v3.1.5b (3.1.5b)
)
(/usr/local/texlive/2020/texmf-dist/tex/generic/pgf/basiclayer/pgfcorerdf.code.
tex
File: pgfcorerdf.code.tex 2020/01/08 v3.1.5b (3.1.5b)
))) (/usr/local/texlive/2020/texmf-dist/tex/latex/pgf/utilities/xxcolor.sty
Package: xxcolor 2003/10/24 ver 0.1
\XC@nummixins=\count273
\XC@countmixins=\count274
) (/usr/local/texlive/2020/texmf-dist/tex/generic/atbegshi/atbegshi.sty
Package: atbegshi 2019/12/05 v1.19 At begin shipout hook (HO)

(/usr/local/texlive/2020/texmf-dist/tex/generic/infwarerr/infwarerr.sty
Package: infwarerr 2019/12/03 v1.5 Providing info/warning/error messages (HO)
)
(/usr/local/texlive/2020/texmf-dist/tex/generic/ltxcmds/ltxcmds.sty
Package: ltxcmds 2019/12/15 v1.24 LaTeX kernel commands for general use (HO)
))
(/usr/local/texlive/2020/texmf-dist/tex/latex/hyperref/hyperref.sty
Package: hyperref 2020/01/14 v7.00d Hypertext links for LaTeX

(/usr/local/texlive/2020/texmf-dist/tex/latex/pdftexcmds/pdftexcmds.sty
Package: pdftexcmds 2019/11/24 v0.31 Utility functions of pdfTeX for LuaTeX (HO
)
Package pdftexcmds Info: \pdf@primitive is available.
Package pdftexcmds Info: \pdf@ifprimitive is available.
Package pdftexcmds Info: \pdfdraftmode found.
)
(/usr/local/texlive/2020/texmf-dist/tex/generic/kvsetkeys/kvsetkeys.sty
Package: kvsetkeys 2019/12/15 v1.18 Key value parser (HO)
)
(/usr/local/texlive/2020/texmf-dist/tex/generic/kvdefinekeys/kvdefinekeys.sty
Package: kvdefinekeys 2019-12-19 v1.6 Define keys (HO)
)
(/usr/local/texlive/2020/texmf-dist/tex/generic/pdfescape/pdfescape.sty
Package: pdfescape 2019/12/09 v1.15 Implements pdfTeX's escape features (HO)
)
(/usr/local/texlive/2020/texmf-dist/tex/latex/hycolor/hycolor.sty
Package: hycolor 2020-01-27 v1.10 Color options for hyperref/bookmark (HO)
)
(/usr/local/texlive/2020/texmf-dist/tex/latex/letltxmacro/letltxmacro.sty
Package: letltxmacro 2019/12/03 v1.6 Let assignment for LaTeX macros (HO)
)
(/usr/local/texlive/2020/texmf-dist/tex/latex/auxhook/auxhook.sty
Package: auxhook 2019-12-17 v1.6 Hooks for auxiliary files (HO)
)
(/usr/local/texlive/2020/texmf-dist/tex/latex/kvoptions/kvoptions.sty
Package: kvoptions 2019/11/29 v3.13 Key value format for package options (HO)
)
\@linkdim=\dimen197
\Hy@linkcounter=\count275
\Hy@pagecounter=\count276

(/usr/local/texlive/2020/texmf-dist/tex/latex/hyperref/pd1enc.def
File: pd1enc.def 2020/01/14 v7.00d Hyperref: PDFDocEncoding definition (HO)
Now handling font encoding PD1 ...
... no UTF-8 mapping file for font encoding PD1
)
(/usr/local/texlive/2020/texmf-dist/tex/generic/intcalc/intcalc.sty
Package: intcalc 2019/12/15 v1.3 Expandable calculations with integers (HO)
)
(/usr/local/texlive/2020/texmf-dist/tex/generic/etexcmds/etexcmds.sty
Package: etexcmds 2019/12/15 v1.7 Avoid name clashes with e-TeX commands (HO)
)
\Hy@SavedSpaceFactor=\count277
Package hyperref Info: Option `bookmarks' set `true' on input line 4421.
Package hyperref Info: Option `bookmarksopen' set `true' on input line 4421.
Package hyperref Info: Option `implicit' set `false' on input line 4421.
Package hyperref Info: Hyper figures OFF on input line 4547.
Package hyperref Info: Link nesting OFF on input line 4552.
Package hyperref Info: Hyper index ON on input line 4555.
Package hyperref Info: Plain pages OFF on input line 4562.
Package hyperref Info: Backreferencing OFF on input line 4567.
Package hyperref Info: Implicit mode OFF; no redefinition of LaTeX internals.
Package hyperref Info: Bookmarks ON on input line 4800.
\c@Hy@tempcnt=\count278

(/usr/local/texlive/2020/texmf-dist/tex/latex/url/url.sty
\Urlmuskip=\muskip16
Package: url 2013/09/16  ver 3.4  Verb mode for urls, etc.
)
LaTeX Info: Redefining \url on input line 5159.
\XeTeXLinkMargin=\dimen198

(/usr/local/texlive/2020/texmf-dist/tex/generic/bitset/bitset.sty
Package: bitset 2019/12/09 v1.3 Handle bit-vector datatype (HO)

(/usr/local/texlive/2020/texmf-dist/tex/generic/bigintcalc/bigintcalc.sty
Package: bigintcalc 2019/12/15 v1.5 Expandable calculations on big integers (HO
)
))
\Fld@menulength=\count279
\Field@Width=\dimen199
\Fld@charsize=\dimen256
Package hyperref Info: Hyper figures OFF on input line 6430.
Package hyperref Info: Link nesting OFF on input line 6435.
Package hyperref Info: Hyper index ON on input line 6438.
Package hyperref Info: backreferencing OFF on input line 6445.
Package hyperref Info: Link coloring OFF on input line 6450.
Package hyperref Info: Link coloring with OCG OFF on input line 6455.
Package hyperref Info: PDF/A mode OFF on input line 6460.
LaTeX Info: Redefining \ref on input line 6500.
LaTeX Info: Redefining \pageref on input line 6504.
\Hy@abspage=\count280


Package hyperref Message: Stopped early.

)
Package hyperref Info: Driver (autodetected): hpdftex.
 (/usr/local/texlive/2020/texmf-dist/tex/latex/hyperref/hpdftex.def
File: hpdftex.def 2020/01/14 v7.00d Hyperref driver for pdfTeX

(/usr/local/texlive/2020/texmf-dist/tex/latex/atveryend/atveryend.sty
Package: atveryend 2019-12-11 v1.11 Hooks at the very end of document (HO)
)
\Fld@listcount=\count281
\c@bookmark@seq@number=\count282

(/usr/local/texlive/2020/texmf-dist/tex/latex/rerunfilecheck/rerunfilecheck.sty
Package: rerunfilecheck 2019/12/05 v1.9 Rerun checks for auxiliary files (HO)

(/usr/local/texlive/2020/texmf-dist/tex/generic/uniquecounter/uniquecounter.sty
Package: uniquecounter 2019/12/15 v1.4 Provide unlimited unique counter (HO)
)
Package uniquecounter Info: New unique counter `rerunfilecheck' on input line 2
86.
)) (/usr/local/texlive/2020/texmf-dist/tex/latex/beamer/beamerbaserequires.sty
(/usr/local/texlive/2020/texmf-dist/tex/latex/beamer/beamerbasecompatibility.st
y) (/usr/local/texlive/2020/texmf-dist/tex/latex/beamer/beamerbasefont.sty
(/usr/local/texlive/2020/texmf-dist/tex/latex/amsfonts/amssymb.sty
Package: amssymb 2013/01/14 v3.01 AMS font symbols

(/usr/local/texlive/2020/texmf-dist/tex/latex/amsfonts/amsfonts.sty
Package: amsfonts 2013/01/14 v3.01 Basic AMSFonts support
\@emptytoks=\toks27
\symAMSa=\mathgroup4
\symAMSb=\mathgroup5
LaTeX Font Info:    Redeclaring math symbol \hbar on input line 98.
LaTeX Font Info:    Overwriting math alphabet `\mathfrak' in version `bold'
(Font)                  U/euf/m/n --> U/euf/b/n on input line 106.
))
(/usr/local/texlive/2020/texmf-dist/tex/latex/sansmathaccent/sansmathaccent.sty
Package: sansmathaccent 2020/01/31
(/usr/local/texlive/2020/texmf-dist/tex/latex/koma-script/scrlfile.sty
Package: scrlfile 2020/01/24 v3.29 KOMA-Script package (loading files)
)))
(/usr/local/texlive/2020/texmf-dist/tex/latex/beamer/beamerbasetranslator.sty
(/usr/local/texlive/2020/texmf-dist/tex/latex/translator/translator.sty
Package: translator 2019-05-31 v1.12a Easy translation of strings in LaTeX
))
(/usr/local/texlive/2020/texmf-dist/tex/latex/beamer/beamerbasemisc.sty)
(/usr/local/texlive/2020/texmf-dist/tex/latex/beamer/beamerbasetwoscreens.sty)
(/usr/local/texlive/2020/texmf-dist/tex/latex/beamer/beamerbaseoverlay.sty
\beamer@argscount=\count283
\beamer@lastskipcover=\skip50
\beamer@trivlistdepth=\count284
)
(/usr/local/texlive/2020/texmf-dist/tex/latex/beamer/beamerbasetitle.sty)
(/usr/local/texlive/2020/texmf-dist/tex/latex/beamer/beamerbasesection.sty
\c@lecture=\count285
\c@part=\count286
\c@section=\count287
\c@subsection=\count288
\c@subsubsection=\count289
)
(/usr/local/texlive/2020/texmf-dist/tex/latex/beamer/beamerbaseframe.sty
\beamer@framebox=\box60
\beamer@frametitlebox=\box61
\beamer@zoombox=\box62
\beamer@zoomcount=\count290
\beamer@zoomframecount=\count291
\beamer@frametextheight=\dimen257
\c@subsectionslide=\count292
\beamer@frametopskip=\skip51
\beamer@framebottomskip=\skip52
\beamer@frametopskipautobreak=\skip53
\beamer@framebottomskipautobreak=\skip54
\beamer@envbody=\toks28
\framewidth=\dimen258
\c@framenumber=\count293
)
(/usr/local/texlive/2020/texmf-dist/tex/latex/beamer/beamerbaseverbatim.sty
\beamer@verbatimfileout=\write4
)
(/usr/local/texlive/2020/texmf-dist/tex/latex/beamer/beamerbaseframesize.sty
\beamer@splitbox=\box63
\beamer@autobreakcount=\count294
\beamer@autobreaklastheight=\dimen259
\beamer@frametitletoks=\toks29
\beamer@framesubtitletoks=\toks30
)
(/usr/local/texlive/2020/texmf-dist/tex/latex/beamer/beamerbaseframecomponents.
sty
\beamer@footins=\box64
) (/usr/local/texlive/2020/texmf-dist/tex/latex/beamer/beamerbasecolor.sty)
(/usr/local/texlive/2020/texmf-dist/tex/latex/beamer/beamerbasenotes.sty
\beamer@frameboxcopy=\box65
)
(/usr/local/texlive/2020/texmf-dist/tex/latex/beamer/beamerbasetoc.sty)
(/usr/local/texlive/2020/texmf-dist/tex/latex/beamer/beamerbasetemplates.sty
\beamer@sbttoks=\toks31

(/usr/local/texlive/2020/texmf-dist/tex/latex/beamer/beamerbaseauxtemplates.sty
(/usr/local/texlive/2020/texmf-dist/tex/latex/beamer/beamerbaseboxes.sty
\bmb@box=\box66
\bmb@colorbox=\box67
\bmb@boxshadow=\box68
\bmb@boxshadowball=\box69
\bmb@boxshadowballlarge=\box70
\bmb@temp=\dimen260
\bmb@dima=\dimen261
\bmb@dimb=\dimen262
\bmb@prevheight=\dimen263
)
\beamer@blockheadheight=\dimen264
))
(/usr/local/texlive/2020/texmf-dist/tex/latex/beamer/beamerbaselocalstructure.s
ty (/usr/local/texlive/2020/texmf-dist/tex/latex/tools/enumerate.sty
Package: enumerate 2015/07/23 v3.00 enumerate extensions (DPC)
\@enLab=\toks32
)
\c@figure=\count295
\c@table=\count296
\abovecaptionskip=\skip55
\belowcaptionskip=\skip56
)
(/usr/local/texlive/2020/texmf-dist/tex/latex/beamer/beamerbasenavigation.sty
\beamer@section@min@dim=\dimen265
)
(/usr/local/texlive/2020/texmf-dist/tex/latex/beamer/beamerbasetheorems.sty
(/usr/local/texlive/2020/texmf-dist/tex/latex/amsmath/amsmath.sty
Package: amsmath 2020/01/20 v2.17e AMS math features
\@mathmargin=\skip57

For additional information on amsmath, use the `?' option.
(/usr/local/texlive/2020/texmf-dist/tex/latex/amsmath/amstext.sty
Package: amstext 2000/06/29 v2.01 AMS text

(/usr/local/texlive/2020/texmf-dist/tex/latex/amsmath/amsgen.sty
File: amsgen.sty 1999/11/30 v2.0 generic functions
\@emptytoks=\toks33
\ex@=\dimen266
))
(/usr/local/texlive/2020/texmf-dist/tex/latex/amsmath/amsbsy.sty
Package: amsbsy 1999/11/29 v1.2d Bold Symbols
\pmbraise@=\dimen267
)
(/usr/local/texlive/2020/texmf-dist/tex/latex/amsmath/amsopn.sty
Package: amsopn 2016/03/08 v2.02 operator names
)
\inf@bad=\count297
LaTeX Info: Redefining \frac on input line 227.
\uproot@=\count298
\leftroot@=\count299
LaTeX Info: Redefining \overline on input line 389.
\classnum@=\count300
\DOTSCASE@=\count301
LaTeX Info: Redefining \ldots on input line 486.
LaTeX Info: Redefining \dots on input line 489.
LaTeX Info: Redefining \cdots on input line 610.
\Mathstrutbox@=\box71
\strutbox@=\box72
\big@size=\dimen268
LaTeX Font Info:    Redeclaring font encoding OML on input line 733.
LaTeX Font Info:    Redeclaring font encoding OMS on input line 734.
\macc@depth=\count302
\c@MaxMatrixCols=\count303
\dotsspace@=\muskip17
\c@parentequation=\count304
\dspbrk@lvl=\count305
\tag@help=\toks34
\row@=\count306
\column@=\count307
\maxfields@=\count308
\andhelp@=\toks35
\eqnshift@=\dimen269
\alignsep@=\dimen270
\tagshift@=\dimen271
\tagwidth@=\dimen272
\totwidth@=\dimen273
\lineht@=\dimen274
\@envbody=\toks36
\multlinegap=\skip58
\multlinetaggap=\skip59
\mathdisplay@stack=\toks37
LaTeX Info: Redefining \[ on input line 2859.
LaTeX Info: Redefining \] on input line 2860.
)
(/usr/local/texlive/2020/texmf-dist/tex/latex/amscls/amsthm.sty
Package: amsthm 2017/10/31 v2.20.4
\thm@style=\toks38
\thm@bodyfont=\toks39
\thm@headfont=\toks40
\thm@notefont=\toks41
\thm@headpunct=\toks42
\thm@preskip=\skip60
\thm@postskip=\skip61
\thm@headsep=\skip62
\dth@everypar=\toks43
)
\c@theorem=\count309
)
(/usr/local/texlive/2020/texmf-dist/tex/latex/beamer/beamerbasethemes.sty))
(/usr/local/texlive/2020/texmf-dist/tex/latex/beamer/beamerthemedefault.sty
(/usr/local/texlive/2020/texmf-dist/tex/latex/beamer/beamerfontthemedefault.sty
)
(/usr/local/texlive/2020/texmf-dist/tex/latex/beamer/beamercolorthemedefault.st
y)
(/usr/local/texlive/2020/texmf-dist/tex/latex/beamer/beamerinnerthemedefault.st
y
\beamer@dima=\dimen275
\beamer@dimb=\dimen276
)
(/usr/local/texlive/2020/texmf-dist/tex/latex/beamer/beamerouterthemedefault.st
y)))
\@input{preamble.aux}
\openout2 = `preamble.aux'.

(./preamble.tex (/usr/local/texlive/2020/texmf-dist/tex/generic/babel/babel.sty
Package: babel 2020/03/22 3.42 The Babel package
(/usr/local/texlive/2020/texmf-dist/tex/generic/babel/switch.def
File: switch.def 2020/03/22 3.42 Babel switching mechanism
)
(/usr/local/texlive/2020/texmf-dist/tex/generic/babel-english/UKenglish.ldf
Language: UKenglish 2017/06/06 v3.3r English support from the babel system

(/usr/local/texlive/2020/texmf-dist/tex/generic/babel-english/english.ldf
Language: english 2017/06/06 v3.3r English support from the babel system

(/usr/local/texlive/2020/texmf-dist/tex/generic/babel/babel.def
File: babel.def 2020/03/22 3.42 Babel common definitions
\babel@savecnt=\count310
\U@D=\dimen277

(/usr/local/texlive/2020/texmf-dist/tex/generic/babel/txtbabel.def)
\bbl@readstream=\read3
LaTeX Info: Redefining \textlatin on input line 2435.
\bbl@dirlevel=\count311
)
Package babel Info: \l@canadian = using hyphenrules for english
(babel)             (\language0) on input line 102.
Package babel Info: \l@australian = using hyphenrules for ukenglish
(babel)             (\language21) on input line 105.
Package babel Info: \l@newzealand = using hyphenrules for ukenglish
(babel)             (\language21) on input line 108.
)))
(/usr/local/texlive/2020/texmf-dist/tex/latex/base/inputenc.sty
Package: inputenc 2018/08/11 v1.3c Input encoding file
\inpenc@prehook=\toks44
\inpenc@posthook=\toks45
)
(./statsbeamer.sty)
(/usr/local/texlive/2020/texmf-dist/tex/latex/beamer/beamerfontthemeserif.sty)
(/usr/local/texlive/2020/texmf-dist/tex/latex/psnfss/charter.sty
Package: charter 2005/04/12 PSNFSS-v9.2a (P.Dyballa) 
)
(/usr/local/texlive/2020/texmf-dist/tex/latex/natbib/natbib.sty
Package: natbib 2010/09/13 8.31b (PWD, AO)
\bibhang=\skip63
\bibsep=\skip64
LaTeX Info: Redefining \cite on input line 694.
\c@NAT@ctr=\count312
)
(/usr/local/texlive/2020/texmf-dist/tex/latex/breakcites/breakcites.sty))
(/usr/local/texlive/2020/texmf-dist/tex/latex/pgf/frontendlayer/tikz.sty
(/usr/local/texlive/2020/texmf-dist/tex/latex/pgf/basiclayer/pgf.sty
Package: pgf 2020/01/08 v3.1.5b (3.1.5b)

(/usr/local/texlive/2020/texmf-dist/tex/generic/pgf/modules/pgfmoduleshapes.cod
e.tex
File: pgfmoduleshapes.code.tex 2020/01/08 v3.1.5b (3.1.5b)
\pgfnodeparttextbox=\box73
)
(/usr/local/texlive/2020/texmf-dist/tex/generic/pgf/modules/pgfmoduleplot.code.
tex
File: pgfmoduleplot.code.tex 2020/01/08 v3.1.5b (3.1.5b)
)
(/usr/local/texlive/2020/texmf-dist/tex/latex/pgf/compatibility/pgfcomp-version
-0-65.sty
Package: pgfcomp-version-0-65 2020/01/08 v3.1.5b (3.1.5b)
\pgf@nodesepstart=\dimen278
\pgf@nodesepend=\dimen279
)
(/usr/local/texlive/2020/texmf-dist/tex/latex/pgf/compatibility/pgfcomp-version
-1-18.sty
Package: pgfcomp-version-1-18 2020/01/08 v3.1.5b (3.1.5b)
))
(/usr/local/texlive/2020/texmf-dist/tex/latex/pgf/utilities/pgffor.sty
(/usr/local/texlive/2020/texmf-dist/tex/latex/pgf/utilities/pgfkeys.sty
(/usr/local/texlive/2020/texmf-dist/tex/generic/pgf/utilities/pgfkeys.code.tex)
) (/usr/local/texlive/2020/texmf-dist/tex/latex/pgf/math/pgfmath.sty
(/usr/local/texlive/2020/texmf-dist/tex/generic/pgf/math/pgfmath.code.tex))
(/usr/local/texlive/2020/texmf-dist/tex/generic/pgf/utilities/pgffor.code.tex
Package: pgffor 2020/01/08 v3.1.5b (3.1.5b)

(/usr/local/texlive/2020/texmf-dist/tex/generic/pgf/math/pgfmath.code.tex)
\pgffor@iter=\dimen280
\pgffor@skip=\dimen281
\pgffor@stack=\toks46
\pgffor@toks=\toks47
))
(/usr/local/texlive/2020/texmf-dist/tex/generic/pgf/frontendlayer/tikz/tikz.cod
e.tex
Package: tikz 2020/01/08 v3.1.5b (3.1.5b)

(/usr/local/texlive/2020/texmf-dist/tex/generic/pgf/libraries/pgflibraryplothan
dlers.code.tex
File: pgflibraryplothandlers.code.tex 2020/01/08 v3.1.5b (3.1.5b)
\pgf@plot@mark@count=\count313
\pgfplotmarksize=\dimen282
)
\tikz@lastx=\dimen283
\tikz@lasty=\dimen284
\tikz@lastxsaved=\dimen285
\tikz@lastysaved=\dimen286
\tikz@lastmovetox=\dimen287
\tikz@lastmovetoy=\dimen288
\tikzleveldistance=\dimen289
\tikzsiblingdistance=\dimen290
\tikz@figbox=\box74
\tikz@figbox@bg=\box75
\tikz@tempbox=\box76
\tikz@tempbox@bg=\box77
\tikztreelevel=\count314
\tikznumberofchildren=\count315
\tikznumberofcurrentchild=\count316
\tikz@fig@count=\count317

(/usr/local/texlive/2020/texmf-dist/tex/generic/pgf/modules/pgfmodulematrix.cod
e.tex
File: pgfmodulematrix.code.tex 2020/01/08 v3.1.5b (3.1.5b)
\pgfmatrixcurrentrow=\count318
\pgfmatrixcurrentcolumn=\count319
\pgf@matrix@numberofcolumns=\count320
)
\tikz@expandcount=\count321

(/usr/local/texlive/2020/texmf-dist/tex/generic/pgf/frontendlayer/tikz/librarie
s/tikzlibrarytopaths.code.tex
File: tikzlibrarytopaths.code.tex 2020/01/08 v3.1.5b (3.1.5b)
)))
(/usr/local/texlive/2020/texmf-dist/tex/latex/animate/animate.sty
Package: animate 2020/03/25 PDF & SVG animations from files and inline graphics


(/usr/local/texlive/2020/texmf-dist/tex/latex/xkeyval/xkeyval.sty
Package: xkeyval 2014/12/03 v2.7a package option processing (HA)

(/usr/local/texlive/2020/texmf-dist/tex/generic/xkeyval/xkeyval.tex
(/usr/local/texlive/2020/texmf-dist/tex/generic/xkeyval/xkvutils.tex
\XKV@toks=\toks48
\XKV@tempa@toks=\toks49
)
\XKV@depth=\count322
File: xkeyval.tex 2014/12/03 v2.7a key=value parser (HA)
))
(/usr/local/texlive/2020/texmf-dist/tex/latex/base/ifthen.sty
Package: ifthen 2014/09/29 v1.1c Standard LaTeX ifthen package (DPC)
)
(/usr/local/texlive/2020/texmf-dist/tex/latex/oberdiek/ifdraft.sty
Package: ifdraft 2016/05/16 v1.4 Detect class options draft and final (HO)
)
(/usr/local/texlive/2020/texmf-dist/tex/latex/tools/calc.sty
Package: calc 2017/05/25 v4.3 Infix arithmetic (KKT,FJ)
\calc@Acount=\count323
\calc@Bcount=\count324
\calc@Adimen=\dimen291
\calc@Bdimen=\dimen292
\calc@Askip=\skip65
\calc@Bskip=\skip66
LaTeX Info: Redefining \setlength on input line 80.
LaTeX Info: Redefining \addtolength on input line 81.
\calc@Ccount=\count325
\calc@Cskip=\skip67
)
(/usr/local/texlive/2020/texmf-dist/tex/latex/zref/zref-abspage.sty
Package: zref-abspage 2020-03-03 v2.29 Module abspage for zref (HO)

(/usr/local/texlive/2020/texmf-dist/tex/latex/zref/zref-base.sty
Package: zref-base 2020-03-03 v2.29 Module base for zref (HO)
Package zref Info: New property list: main on input line 763.
Package zref Info: New property: default on input line 764.
Package zref Info: New property: page on input line 765.
)
\c@abspage=\count326
Package zref Info: New property: abspage on input line 66.
)
(/usr/local/texlive/2020/texmf-dist/tex/latex/media9/pdfbase.sty
(/usr/local/texlive/2020/texmf-dist/tex/latex/l3kernel/expl3.sty
Package: expl3 2020-03-06 L3 programming layer (loader) 

(/usr/local/texlive/2020/texmf-dist/tex/latex/l3backend/l3backend-pdfmode.def
File: l3backend-pdfmode.def 2020-03-12 L3 backend support: PDF mode
\l__kernel_color_stack_int=\count327
\l__pdf_internal_box=\box78
)) (/usr/local/texlive/2020/texmf-dist/tex/latex/l3packages/l3keys2e/l3keys2e.s
ty
Package: l3keys2e 2020-03-06 LaTeX2e option processing using LaTeX3 keys
)
Package: pdfbase 2020/03/25 v0.41 driver independent access to low-level PDF fe
atures
\g_pbs_page_int=\count328
\g_pbs_oc_int=\count329
) (/usr/local/texlive/2020/texmf-dist/tex/latex/ocgx2/ocgbase.sty
Package: ocgbase 2019/11/04 v0.17 support package for ocgx2.sty
\g_ocgbase_nd_int=\count330
)
\@anim@box=\box79
\@anim@measbox=\box80
\@anim@tmpdima=\dimen293
\@anim@tmpdimb=\dimen294
\@anim@num=\count331
\@anim@curframe=\count332
\@anim@curframe@zb=\count333
\@anim@resizeflags=\count334
\@anim@skipfram=\count335
\@anim@mulframecnt=\count336
\@anim@@tmlnfile=\read4
\@anim@tmpcnt=\count337
\c@@anim@ltxcnt=\count338
\@anim@curlayer=\count339
\@anim@lineno=\count340
\@anim@curfield=\count341
\@anim@@resizeflags=\count342
)

Package hyperref Warning: Token not allowed in a PDF string (PDFDocEncoding):
(hyperref)                removing `\new@ifnextchar' on input line 29.

No file Main.aux.
\openout1 = `Main.aux'.

LaTeX Font Info:    Checking defaults for OML/cmm/m/it on input line 29.
LaTeX Font Info:    ... okay on input line 29.
LaTeX Font Info:    Checking defaults for OMS/cmsy/m/n on input line 29.
LaTeX Font Info:    ... okay on input line 29.
LaTeX Font Info:    Checking defaults for OT1/cmr/m/n on input line 29.
LaTeX Font Info:    ... okay on input line 29.
LaTeX Font Info:    Checking defaults for T1/cmr/m/n on input line 29.
LaTeX Font Info:    ... okay on input line 29.
LaTeX Font Info:    Checking defaults for TS1/cmr/m/n on input line 29.
LaTeX Font Info:    ... okay on input line 29.
LaTeX Font Info:    Checking defaults for OMX/cmex/m/n on input line 29.
LaTeX Font Info:    ... okay on input line 29.
LaTeX Font Info:    Checking defaults for U/cmr/m/n on input line 29.
LaTeX Font Info:    ... okay on input line 29.
LaTeX Font Info:    Checking defaults for PD1/pdf/m/n on input line 29.
LaTeX Font Info:    ... okay on input line 29.
LaTeX Font Info:    Trying to load font information for OT1+bch on input line 2
9.
(/usr/local/texlive/2020/texmf-dist/tex/latex/psnfss/ot1bch.fd
File: ot1bch.fd 2004/10/18 font definitions for OT1/bch.
)
*geometry* driver: auto-detecting
*geometry* detected driver: pdftex
*geometry* verbose mode - [ preamble ] result:
* driver: pdftex
* paper: custom
* layout: <same size as paper>
* layoutoffset:(h,v)=(0.0pt,0.0pt)
* modes: includehead includefoot 
* h-part:(L,W,R)=(28.45274pt, 307.28987pt, 28.45274pt)
* v-part:(T,H,B)=(0.0pt, 273.14662pt, 0.0pt)
* \paperwidth=364.19536pt
* \paperheight=273.14662pt
* \textwidth=307.28987pt
* \textheight=244.6939pt
* \oddsidemargin=-43.81725pt
* \evensidemargin=-43.81725pt
* \topmargin=-72.26999pt
* \headheight=14.22636pt
* \headsep=0.0pt
* \topskip=11.0pt
* \footskip=14.22636pt
* \marginparwidth=4.0pt
* \marginparsep=10.0pt
* \columnsep=10.0pt
* \skip\footins=10.0pt plus 4.0pt minus 2.0pt
* \hoffset=0.0pt
* \voffset=0.0pt
* \mag=1000
* \@twocolumnfalse
* \@twosidefalse
* \@mparswitchfalse
* \@reversemarginfalse
* (1in=72.27pt=25.4mm, 1cm=28.453pt)

(/usr/local/texlive/2020/texmf-dist/tex/context/base/mkii/supp-pdf.mkii
[Loading MPS to PDF converter (version 2006.09.02).]
\scratchcounter=\count343
\scratchdimen=\dimen295
\scratchbox=\box81
\nofMPsegments=\count344
\nofMParguments=\count345
\everyMPshowfont=\toks50
\MPscratchCnt=\count346
\MPscratchDim=\dimen296
\MPnumerator=\count347
\makeMPintoPDFobject=\count348
\everyMPtoPDFconversion=\toks51
) (/usr/local/texlive/2020/texmf-dist/tex/latex/epstopdf-pkg/epstopdf-base.sty
Package: epstopdf-base 2020-01-24 v2.11 Base part for package epstopdf
Package epstopdf-base Info: Redefining graphics rule for `.eps' on input line 4
85.

(/usr/local/texlive/2020/texmf-dist/tex/latex/latexconfig/epstopdf-sys.cfg
File: epstopdf-sys.cfg 2010/07/13 v1.3 Configuration of (r)epstopdf for TeX Liv
e
))
ABD: EveryShipout initializing macros
\AtBeginShipoutBox=\box82
Package hyperref Info: Link coloring OFF on input line 29.

(/usr/local/texlive/2020/texmf-dist/tex/latex/hyperref/nameref.sty
Package: nameref 2019/09/16 v2.46 Cross-referencing by name of section

(/usr/local/texlive/2020/texmf-dist/tex/latex/refcount/refcount.sty
Package: refcount 2019/12/15 v3.6 Data extraction from label references (HO)
)
(/usr/local/texlive/2020/texmf-dist/tex/generic/gettitlestring/gettitlestring.s
ty
Package: gettitlestring 2019/12/15 v1.6 Cleanup title references (HO)
)
\c@section@level=\count349
)
LaTeX Info: Redefining \ref on input line 29.
LaTeX Info: Redefining \pageref on input line 29.
LaTeX Info: Redefining \nameref on input line 29.
\@outlinefile=\write5
\openout5 = `Main.out'.

\symnumbers=\mathgroup6
\sympureletters=\mathgroup7
LaTeX Font Info:    Overwriting math alphabet `\mathrm' in version `normal'
(Font)                  OT1/cmr/m/n --> OT1/bch/m/n on input line 29.
LaTeX Font Info:    Redeclaring math alphabet \mathbf on input line 29.
LaTeX Font Info:    Overwriting math alphabet `\mathbf' in version `normal'
(Font)                  OT1/cmr/bx/n --> OT1/bch/b/n on input line 29.
LaTeX Font Info:    Overwriting math alphabet `\mathbf' in version `bold'
(Font)                  OT1/cmr/bx/n --> OT1/bch/b/n on input line 29.
LaTeX Font Info:    Redeclaring math alphabet \mathsf on input line 29.
LaTeX Font Info:    Overwriting math alphabet `\mathsf' in version `normal'
(Font)                  OT1/cmss/m/n --> OT1/cmss/m/n on input line 29.
LaTeX Font Info:    Overwriting math alphabet `\mathsf' in version `bold'
(Font)                  OT1/cmss/bx/n --> OT1/cmss/m/n on input line 29.
LaTeX Font Info:    Redeclaring math alphabet \mathit on input line 29.
LaTeX Font Info:    Overwriting math alphabet `\mathit' in version `normal'
(Font)                  OT1/cmr/m/it --> OT1/bch/m/it on input line 29.
LaTeX Font Info:    Overwriting math alphabet `\mathit' in version `bold'
(Font)                  OT1/cmr/bx/it --> OT1/bch/m/it on input line 29.
LaTeX Font Info:    Redeclaring math alphabet \mathtt on input line 29.
LaTeX Font Info:    Overwriting math alphabet `\mathtt' in version `normal'
(Font)                  OT1/cmtt/m/n --> OT1/cmtt/m/n on input line 29.
LaTeX Font Info:    Overwriting math alphabet `\mathtt' in version `bold'
(Font)                  OT1/cmtt/m/n --> OT1/cmtt/m/n on input line 29.
LaTeX Font Info:    Overwriting symbol font `numbers' in version `bold'
(Font)                  OT1/bch/m/n --> OT1/bch/b/n on input line 29.
LaTeX Font Info:    Overwriting symbol font `pureletters' in version `bold'
(Font)                  OT1/bch/m/it --> OT1/bch/b/it on input line 29.
LaTeX Font Info:    Overwriting math alphabet `\mathrm' in version `bold'
(Font)                  OT1/cmr/bx/n --> OT1/bch/b/n on input line 29.
LaTeX Font Info:    Overwriting math alphabet `\mathbf' in version `bold'
(Font)                  OT1/bch/b/n --> OT1/bch/b/n on input line 29.
LaTeX Font Info:    Overwriting math alphabet `\mathsf' in version `bold'
(Font)                  OT1/cmss/m/n --> OT1/cmss/b/n on input line 29.
LaTeX Font Info:    Overwriting math alphabet `\mathit' in version `bold'
(Font)                  OT1/bch/m/it --> OT1/bch/b/it on input line 29.
LaTeX Font Info:    Overwriting math alphabet `\mathtt' in version `bold'
(Font)                  OT1/cmtt/m/n --> OT1/cmtt/b/n on input line 29.

(/usr/local/texlive/2020/texmf-dist/tex/latex/translator/translator-basic-dicti
onary-English.dict
Dictionary: translator-basic-dictionary, Language: English 
)
(/usr/local/texlive/2020/texmf-dist/tex/latex/translator/translator-bibliograph
y-dictionary-English.dict
Dictionary: translator-bibliography-dictionary, Language: English 
)
(/usr/local/texlive/2020/texmf-dist/tex/latex/translator/translator-environment
-dictionary-English.dict
Dictionary: translator-environment-dictionary, Language: English 
)
(/usr/local/texlive/2020/texmf-dist/tex/latex/translator/translator-months-dict
ionary-English.dict
Dictionary: translator-months-dictionary, Language: English 
)
(/usr/local/texlive/2020/texmf-dist/tex/latex/translator/translator-numbers-dic
tionary-English.dict
Dictionary: translator-numbers-dictionary, Language: English 
)
(/usr/local/texlive/2020/texmf-dist/tex/latex/translator/translator-theorem-dic
tionary-English.dict
Dictionary: translator-theorem-dictionary, Language: English 
)
No file Main.nav.
[1



{/usr/local/texlive/2020/texmf-var/fonts/map/pdftex/updmap/pdftex.map} <./image
s/durham-white.png>]
LaTeX Font Info:    Trying to load font information for U+msa on input line 56.


(/usr/local/texlive/2020/texmf-dist/tex/latex/amsfonts/umsa.fd
File: umsa.fd 2013/01/14 v3.01 AMS symbols A
)
LaTeX Font Info:    Trying to load font information for U+msb on input line 56.


(/usr/local/texlive/2020/texmf-dist/tex/latex/amsfonts/umsb.fd
File: umsb.fd 2013/01/14 v3.01 AMS symbols B
) [2

]
<images/reconnection.png, id=77, 1137.24875pt x 630.355pt>
File: images/reconnection.png Graphic file (type png)
<use images/reconnection.png>
Package pdftex.def Info: images/reconnection.png  used on input line 79.
(pdftex.def)             Requested size: 113.81102pt x 63.07765pt.
 [3

 <./images/reconnection.png>]
<images/helicity.jpeg, id=109, 384.9582pt x 433.62pt>
File: images/helicity.jpeg Graphic file (type jpg)
<use images/helicity.jpeg>
Package pdftex.def Info: images/helicity.jpeg  used on input line 98.
(pdftex.def)             Requested size: 69.45982pt x 78.24507pt.
 [4

 <./images/helicity.jpeg>] [5

] [6

] [7

]
<images/binary.png, id=222, 692.5875pt x 453.695pt>
File: images/binary.png Graphic file (type png)
<use images/binary.png>
Package pdftex.def Info: images/binary.png  used on input line 155.
(pdftex.def)             Requested size: 199.16928pt x 130.46745pt.
 [8

 <./images/binary.png>]

LaTeX Warning: Reference `anim@abspage0' on page 9 undefined on input line 167.


<frames/frame0.png, id=252, 642.4pt x 481.8pt>
File: frames/frame0.png Graphic file (type png)
<use frames/frame0.png>
Package pdftex.def Info: frames/frame0.png  used on input line 167.
(pdftex.def)             Requested size: 642.39844pt x 481.79881pt.
 <./frames/frame0.png> <a0,fr0>
<frames/frame1.png, id=263, 642.4pt x 481.8pt>
File: frames/frame1.png Graphic file (type png)
<use frames/frame1.png>
Package pdftex.def Info: frames/frame1.png  used on input line 167.
(pdftex.def)             Requested size: 642.39844pt x 481.79881pt.
 <./frames/frame1.png> <a0,fr1>
<frames/frame2.png, id=274, 642.4pt x 481.8pt>
File: frames/frame2.png Graphic file (type png)
<use frames/frame2.png>
Package pdftex.def Info: frames/frame2.png  used on input line 167.
(pdftex.def)             Requested size: 642.39844pt x 481.79881pt.
 <./frames/frame2.png> <a0,fr2>
<frames/frame3.png, id=285, 642.4pt x 481.8pt>
File: frames/frame3.png Graphic file (type png)
<use frames/frame3.png>
Package pdftex.def Info: frames/frame3.png  used on input line 167.
(pdftex.def)             Requested size: 642.39844pt x 481.79881pt.
 <./frames/frame3.png> <a0,fr3>
<frames/frame4.png, id=296, 642.4pt x 481.8pt>
File: frames/frame4.png Graphic file (type png)
<use frames/frame4.png>
Package pdftex.def Info: frames/frame4.png  used on input line 167.
(pdftex.def)             Requested size: 642.39844pt x 481.79881pt.
 <./frames/frame4.png> <a0,fr4>
<frames/frame5.png, id=307, 642.4pt x 481.8pt>
File: frames/frame5.png Graphic file (type png)
<use frames/frame5.png>
Package pdftex.def Info: frames/frame5.png  used on input line 167.
(pdftex.def)             Requested size: 642.39844pt x 481.79881pt.
 <./frames/frame5.png> <a0,fr5>
<frames/frame6.png, id=318, 642.4pt x 481.8pt>
File: frames/frame6.png Graphic file (type png)
<use frames/frame6.png>
Package pdftex.def Info: frames/frame6.png  used on input line 167.
(pdftex.def)             Requested size: 642.39844pt x 481.79881pt.
 <./frames/frame6.png> <a0,fr6>
<frames/frame7.png, id=329, 642.4pt x 481.8pt>
File: frames/frame7.png Graphic file (type png)
<use frames/frame7.png>
Package pdftex.def Info: frames/frame7.png  used on input line 167.
(pdftex.def)             Requested size: 642.39844pt x 481.79881pt.
 <./frames/frame7.png> <a0,fr7>
<frames/frame8.png, id=340, 642.4pt x 481.8pt>
File: frames/frame8.png Graphic file (type png)
<use frames/frame8.png>
Package pdftex.def Info: frames/frame8.png  used on input line 167.
(pdftex.def)             Requested size: 642.39844pt x 481.79881pt.
 <./frames/frame8.png> <a0,fr8>
<frames/frame9.png, id=351, 642.4pt x 481.8pt>
File: frames/frame9.png Graphic file (type png)
<use frames/frame9.png>
Package pdftex.def Info: frames/frame9.png  used on input line 167.
(pdftex.def)             Requested size: 642.39844pt x 481.79881pt.
 <./frames/frame9.png> <a0,fr9>
<frames/frame10.png, id=362, 642.4pt x 481.8pt>
File: frames/frame10.png Graphic file (type png)
<use frames/frame10.png>
Package pdftex.def Info: frames/frame10.png  used on input line 167.
(pdftex.def)             Requested size: 642.39844pt x 481.79881pt.
 <./frames/frame10.png> <a0,fr10>
<frames/frame11.png, id=373, 642.4pt x 481.8pt>
File: frames/frame11.png Graphic file (type png)
<use frames/frame11.png>
Package pdftex.def Info: frames/frame11.png  used on input line 167.
(pdftex.def)             Requested size: 642.39844pt x 481.79881pt.
 <./frames/frame11.png> <a0,fr11>
<frames/frame12.png, id=384, 642.4pt x 481.8pt>
File: frames/frame12.png Graphic file (type png)
<use frames/frame12.png>
Package pdftex.def Info: frames/frame12.png  used on input line 167.
(pdftex.def)             Requested size: 642.39844pt x 481.79881pt.
 <./frames/frame12.png> <a0,fr12>
<frames/frame13.png, id=395, 642.4pt x 481.8pt>
File: frames/frame13.png Graphic file (type png)
<use frames/frame13.png>
Package pdftex.def Info: frames/frame13.png  used on input line 167.
(pdftex.def)             Requested size: 642.39844pt x 481.79881pt.
 <./frames/frame13.png> <a0,fr13>
<frames/frame14.png, id=406, 642.4pt x 481.8pt>
File: frames/frame14.png Graphic file (type png)
<use frames/frame14.png>
Package pdftex.def Info: frames/frame14.png  used on input line 167.
(pdftex.def)             Requested size: 642.39844pt x 481.79881pt.
 <./frames/frame14.png>
<a0,fr14>
<frames/frame15.png, id=417, 642.4pt x 481.8pt>
File: frames/frame15.png Graphic file (type png)
<use frames/frame15.png>
Package pdftex.def Info: frames/frame15.png  used on input line 167.
(pdftex.def)             Requested size: 642.39844pt x 481.79881pt.
 <./frames/frame15.png> <a0,fr15>
<frames/frame16.png, id=428, 642.4pt x 481.8pt>
File: frames/frame16.png Graphic file (type png)
<use frames/frame16.png>
Package pdftex.def Info: frames/frame16.png  used on input line 167.
(pdftex.def)             Requested size: 642.39844pt x 481.79881pt.
 <./frames/frame16.png> <a0,fr16>
<frames/frame17.png, id=439, 642.4pt x 481.8pt>
File: frames/frame17.png Graphic file (type png)
<use frames/frame17.png>
Package pdftex.def Info: frames/frame17.png  used on input line 167.
(pdftex.def)             Requested size: 642.39844pt x 481.79881pt.
 <./frames/frame17.png> <a0,fr17>
<frames/frame18.png, id=450, 642.4pt x 481.8pt>
File: frames/frame18.png Graphic file (type png)
<use frames/frame18.png>
Package pdftex.def Info: frames/frame18.png  used on input line 167.
(pdftex.def)             Requested size: 642.39844pt x 481.79881pt.
 <./frames/frame18.png> <a0,fr18>
<frames/frame19.png, id=461, 642.4pt x 481.8pt>
File: frames/frame19.png Graphic file (type png)
<use frames/frame19.png>
Package pdftex.def Info: frames/frame19.png  used on input line 167.
(pdftex.def)             Requested size: 642.39844pt x 481.79881pt.
 <./frames/frame19.png> <a0,fr19>
<frames/frame20.png, id=472, 642.4pt x 481.8pt>
File: frames/frame20.png Graphic file (type png)
<use frames/frame20.png>
Package pdftex.def Info: frames/frame20.png  used on input line 167.
(pdftex.def)             Requested size: 642.39844pt x 481.79881pt.
 <./frames/frame20.png> <a0,fr20>
<frames/frame21.png, id=483, 642.4pt x 481.8pt>
File: frames/frame21.png Graphic file (type png)
<use frames/frame21.png>
Package pdftex.def Info: frames/frame21.png  used on input line 167.
(pdftex.def)             Requested size: 642.39844pt x 481.79881pt.
 <./frames/frame21.png>
<a0,fr21>
<frames/frame22.png, id=494, 642.4pt x 481.8pt>
File: frames/frame22.png Graphic file (type png)
<use frames/frame22.png>
Package pdftex.def Info: frames/frame22.png  used on input line 167.
(pdftex.def)             Requested size: 642.39844pt x 481.79881pt.
 <./frames/frame22.png> <a0,fr22>
<frames/frame23.png, id=506, 642.4pt x 481.8pt>
File: frames/frame23.png Graphic file (type png)
<use frames/frame23.png>
Package pdftex.def Info: frames/frame23.png  used on input line 167.
(pdftex.def)             Requested size: 642.39844pt x 481.79881pt.
 <./frames/frame23.png> <a0,fr23>
<frames/frame24.png, id=517, 642.4pt x 481.8pt>
File: frames/frame24.png Graphic file (type png)
<use frames/frame24.png>
Package pdftex.def Info: frames/frame24.png  used on input line 167.
(pdftex.def)             Requested size: 642.39844pt x 481.79881pt.
 <./frames/frame24.png> <a0,fr24>
<frames/frame25.png, id=528, 642.4pt x 481.8pt>
File: frames/frame25.png Graphic file (type png)
<use frames/frame25.png>
Package pdftex.def Info: frames/frame25.png  used on input line 167.
(pdftex.def)             Requested size: 642.39844pt x 481.79881pt.
 <./frames/frame25.png> <a0,fr25>
<frames/frame26.png, id=539, 642.4pt x 481.8pt>
File: frames/frame26.png Graphic file (type png)
<use frames/frame26.png>
Package pdftex.def Info: frames/frame26.png  used on input line 167.
(pdftex.def)             Requested size: 642.39844pt x 481.79881pt.
 <./frames/frame26.png> <a0,fr26>
<frames/frame27.png, id=550, 642.4pt x 481.8pt>
File: frames/frame27.png Graphic file (type png)
<use frames/frame27.png>
Package pdftex.def Info: frames/frame27.png  used on input line 167.
(pdftex.def)             Requested size: 642.39844pt x 481.79881pt.
 <./frames/frame27.png> <a0,fr27>
<frames/frame28.png, id=561, 642.4pt x 481.8pt>
File: frames/frame28.png Graphic file (type png)
<use frames/frame28.png>
Package pdftex.def Info: frames/frame28.png  used on input line 167.
(pdftex.def)             Requested size: 642.39844pt x 481.79881pt.
 <./frames/frame28.png>
<a0,fr28>
<frames/frame29.png, id=572, 642.4pt x 481.8pt>
File: frames/frame29.png Graphic file (type png)
<use frames/frame29.png>
Package pdftex.def Info: frames/frame29.png  used on input line 167.
(pdftex.def)             Requested size: 642.39844pt x 481.79881pt.
 <./frames/frame29.png> <a0,fr29>
<frames/frame30.png, id=583, 642.4pt x 481.8pt>
File: frames/frame30.png Graphic file (type png)
<use frames/frame30.png>
Package pdftex.def Info: frames/frame30.png  used on input line 167.
(pdftex.def)             Requested size: 642.39844pt x 481.79881pt.
 <./frames/frame30.png> <a0,fr30>
<frames/frame31.png, id=594, 642.4pt x 481.8pt>
File: frames/frame31.png Graphic file (type png)
<use frames/frame31.png>
Package pdftex.def Info: frames/frame31.png  used on input line 167.
(pdftex.def)             Requested size: 642.39844pt x 481.79881pt.
 <./frames/frame31.png> <a0,fr31>
<frames/frame32.png, id=605, 642.4pt x 481.8pt>
File: frames/frame32.png Graphic file (type png)
<use frames/frame32.png>
Package pdftex.def Info: frames/frame32.png  used on input line 167.
(pdftex.def)             Requested size: 642.39844pt x 481.79881pt.
 <./frames/frame32.png> <a0,fr32>
<frames/frame33.png, id=616, 642.4pt x 481.8pt>
File: frames/frame33.png Graphic file (type png)
<use frames/frame33.png>
Package pdftex.def Info: frames/frame33.png  used on input line 167.
(pdftex.def)             Requested size: 642.39844pt x 481.79881pt.
 <./frames/frame33.png> <a0,fr33>
<frames/frame34.png, id=627, 642.4pt x 481.8pt>
File: frames/frame34.png Graphic file (type png)
<use frames/frame34.png>
Package pdftex.def Info: frames/frame34.png  used on input line 167.
(pdftex.def)             Requested size: 642.39844pt x 481.79881pt.
 <./frames/frame34.png> <a0,fr34>
<frames/frame35.png, id=638, 642.4pt x 481.8pt>
File: frames/frame35.png Graphic file (type png)
<use frames/frame35.png>
Package pdftex.def Info: frames/frame35.png  used on input line 167.
(pdftex.def)             Requested size: 642.39844pt x 481.79881pt.
 <./frames/frame35.png>
<a0,fr35>
<frames/frame36.png, id=649, 642.4pt x 481.8pt>
File: frames/frame36.png Graphic file (type png)
<use frames/frame36.png>
Package pdftex.def Info: frames/frame36.png  used on input line 167.
(pdftex.def)             Requested size: 642.39844pt x 481.79881pt.
 <./frames/frame36.png> <a0,fr36>
<frames/frame37.png, id=660, 642.4pt x 481.8pt>
File: frames/frame37.png Graphic file (type png)
<use frames/frame37.png>
Package pdftex.def Info: frames/frame37.png  used on input line 167.
(pdftex.def)             Requested size: 642.39844pt x 481.79881pt.
 <./frames/frame37.png> <a0,fr37>
<frames/frame38.png, id=671, 642.4pt x 481.8pt>
File: frames/frame38.png Graphic file (type png)
<use frames/frame38.png>
Package pdftex.def Info: frames/frame38.png  used on input line 167.
(pdftex.def)             Requested size: 642.39844pt x 481.79881pt.
 <./frames/frame38.png> <a0,fr38>
<frames/frame39.png, id=682, 642.4pt x 481.8pt>
File: frames/frame39.png Graphic file (type png)
<use frames/frame39.png>
Package pdftex.def Info: frames/frame39.png  used on input line 167.
(pdftex.def)             Requested size: 642.39844pt x 481.79881pt.
 <./frames/frame39.png> <a0,fr39>
<frames/frame40.png, id=693, 642.4pt x 481.8pt>
File: frames/frame40.png Graphic file (type png)
<use frames/frame40.png>
Package pdftex.def Info: frames/frame40.png  used on input line 167.
(pdftex.def)             Requested size: 642.39844pt x 481.79881pt.
 <./frames/frame40.png> <a0,fr40>
<frames/frame41.png, id=704, 642.4pt x 481.8pt>
File: frames/frame41.png Graphic file (type png)
<use frames/frame41.png>
Package pdftex.def Info: frames/frame41.png  used on input line 167.
(pdftex.def)             Requested size: 642.39844pt x 481.79881pt.
 <./frames/frame41.png> <a0,fr41>
<frames/frame42.png, id=715, 642.4pt x 481.8pt>
File: frames/frame42.png Graphic file (type png)
<use frames/frame42.png>
Package pdftex.def Info: frames/frame42.png  used on input line 167.
(pdftex.def)             Requested size: 642.39844pt x 481.79881pt.
 <./frames/frame42.png>
<a0,fr42>
<frames/frame43.png, id=726, 642.4pt x 481.8pt>
File: frames/frame43.png Graphic file (type png)
<use frames/frame43.png>
Package pdftex.def Info: frames/frame43.png  used on input line 167.
(pdftex.def)             Requested size: 642.39844pt x 481.79881pt.
 <./frames/frame43.png> <a0,fr43>
<frames/frame44.png, id=737, 642.4pt x 481.8pt>
File: frames/frame44.png Graphic file (type png)
<use frames/frame44.png>
Package pdftex.def Info: frames/frame44.png  used on input line 167.
(pdftex.def)             Requested size: 642.39844pt x 481.79881pt.
 <./frames/frame44.png> <a0,fr44>
<frames/frame45.png, id=748, 642.4pt x 481.8pt>
File: frames/frame45.png Graphic file (type png)
<use frames/frame45.png>
Package pdftex.def Info: frames/frame45.png  used on input line 167.
(pdftex.def)             Requested size: 642.39844pt x 481.79881pt.
 <./frames/frame45.png> <a0,fr45>
<frames/frame46.png, id=759, 642.4pt x 481.8pt>
File: frames/frame46.png Graphic file (type png)
<use frames/frame46.png>
Package pdftex.def Info: frames/frame46.png  used on input line 167.
(pdftex.def)             Requested size: 642.39844pt x 481.79881pt.
 <./frames/frame46.png> <a0,fr46>
<frames/frame47.png, id=770, 642.4pt x 481.8pt>
File: frames/frame47.png Graphic file (type png)
<use frames/frame47.png>
Package pdftex.def Info: frames/frame47.png  used on input line 167.
(pdftex.def)             Requested size: 642.39844pt x 481.79881pt.
 <./frames/frame47.png> <a0,fr47>
<frames/frame48.png, id=782, 642.4pt x 481.8pt>
File: frames/frame48.png Graphic file (type png)
<use frames/frame48.png>
Package pdftex.def Info: frames/frame48.png  used on input line 167.
(pdftex.def)             Requested size: 642.39844pt x 481.79881pt.
 <./frames/frame48.png> <a0,fr48>
<frames/frame49.png, id=793, 642.4pt x 481.8pt>
File: frames/frame49.png Graphic file (type png)
<use frames/frame49.png>
Package pdftex.def Info: frames/frame49.png  used on input line 167.
(pdftex.def)             Requested size: 642.39844pt x 481.79881pt.
 <./frames/frame49.png>
<a0,fr49>
<frames/frame50.png, id=804, 642.4pt x 481.8pt>
File: frames/frame50.png Graphic file (type png)
<use frames/frame50.png>
Package pdftex.def Info: frames/frame50.png  used on input line 167.
(pdftex.def)             Requested size: 642.39844pt x 481.79881pt.
 <./frames/frame50.png> <a0,fr50>
<frames/frame51.png, id=815, 642.4pt x 481.8pt>
File: frames/frame51.png Graphic file (type png)
<use frames/frame51.png>
Package pdftex.def Info: frames/frame51.png  used on input line 167.
(pdftex.def)             Requested size: 642.39844pt x 481.79881pt.
 <./frames/frame51.png> <a0,fr51>
<frames/frame52.png, id=826, 642.4pt x 481.8pt>
File: frames/frame52.png Graphic file (type png)
<use frames/frame52.png>
Package pdftex.def Info: frames/frame52.png  used on input line 167.
(pdftex.def)             Requested size: 642.39844pt x 481.79881pt.
 <./frames/frame52.png> <a0,fr52>
<frames/frame53.png, id=837, 642.4pt x 481.8pt>
File: frames/frame53.png Graphic file (type png)
<use frames/frame53.png>
Package pdftex.def Info: frames/frame53.png  used on input line 167.
(pdftex.def)             Requested size: 642.39844pt x 481.79881pt.
 <./frames/frame53.png> <a0,fr53>
<frames/frame54.png, id=848, 642.4pt x 481.8pt>
File: frames/frame54.png Graphic file (type png)
<use frames/frame54.png>
Package pdftex.def Info: frames/frame54.png  used on input line 167.
(pdftex.def)             Requested size: 642.39844pt x 481.79881pt.
 <./frames/frame54.png> <a0,fr54>
<frames/frame55.png, id=859, 642.4pt x 481.8pt>
File: frames/frame55.png Graphic file (type png)
<use frames/frame55.png>
Package pdftex.def Info: frames/frame55.png  used on input line 167.
(pdftex.def)             Requested size: 642.39844pt x 481.79881pt.
 <./frames/frame55.png> <a0,fr55>
<frames/frame56.png, id=870, 642.4pt x 481.8pt>
File: frames/frame56.png Graphic file (type png)
<use frames/frame56.png>
Package pdftex.def Info: frames/frame56.png  used on input line 167.
(pdftex.def)             Requested size: 642.39844pt x 481.79881pt.
 <./frames/frame56.png>
<a0,fr56>
<frames/frame57.png, id=881, 642.4pt x 481.8pt>
File: frames/frame57.png Graphic file (type png)
<use frames/frame57.png>
Package pdftex.def Info: frames/frame57.png  used on input line 167.
(pdftex.def)             Requested size: 642.39844pt x 481.79881pt.
 <./frames/frame57.png> <a0,fr57>
<frames/frame58.png, id=892, 642.4pt x 481.8pt>
File: frames/frame58.png Graphic file (type png)
<use frames/frame58.png>
Package pdftex.def Info: frames/frame58.png  used on input line 167.
(pdftex.def)             Requested size: 642.39844pt x 481.79881pt.
 <./frames/frame58.png> <a0,fr58>
<frames/frame59.png, id=903, 642.4pt x 481.8pt>
File: frames/frame59.png Graphic file (type png)
<use frames/frame59.png>
Package pdftex.def Info: frames/frame59.png  used on input line 167.
(pdftex.def)             Requested size: 642.39844pt x 481.79881pt.
 <./frames/frame59.png> <a0,fr59>
<frames/frame60.png, id=914, 642.4pt x 481.8pt>
File: frames/frame60.png Graphic file (type png)
<use frames/frame60.png>
Package pdftex.def Info: frames/frame60.png  used on input line 167.
(pdftex.def)             Requested size: 642.39844pt x 481.79881pt.
 <./frames/frame60.png> <a0,fr60>
<frames/frame61.png, id=925, 642.4pt x 481.8pt>
File: frames/frame61.png Graphic file (type png)
<use frames/frame61.png>
Package pdftex.def Info: frames/frame61.png  used on input line 167.
(pdftex.def)             Requested size: 642.39844pt x 481.79881pt.
 <./frames/frame61.png> <a0,fr61>
<frames/frame62.png, id=936, 642.4pt x 481.8pt>
File: frames/frame62.png Graphic file (type png)
<use frames/frame62.png>
Package pdftex.def Info: frames/frame62.png  used on input line 167.
(pdftex.def)             Requested size: 642.39844pt x 481.79881pt.
 <./frames/frame62.png> <a0,fr62>
<frames/frame63.png, id=947, 642.4pt x 481.8pt>
File: frames/frame63.png Graphic file (type png)
<use frames/frame63.png>
Package pdftex.def Info: frames/frame63.png  used on input line 167.
(pdftex.def)             Requested size: 642.39844pt x 481.79881pt.
 <./frames/frame63.png>
<a0,fr63>
<frames/frame64.png, id=958, 642.4pt x 481.8pt>
File: frames/frame64.png Graphic file (type png)
<use frames/frame64.png>
Package pdftex.def Info: frames/frame64.png  used on input line 167.
(pdftex.def)             Requested size: 642.39844pt x 481.79881pt.
 <./frames/frame64.png> <a0,fr64>
<frames/frame65.png, id=969, 642.4pt x 481.8pt>
File: frames/frame65.png Graphic file (type png)
<use frames/frame65.png>
Package pdftex.def Info: frames/frame65.png  used on input line 167.
(pdftex.def)             Requested size: 642.39844pt x 481.79881pt.
 <./frames/frame65.png> <a0,fr65>
<frames/frame66.png, id=980, 642.4pt x 481.8pt>
File: frames/frame66.png Graphic file (type png)
<use frames/frame66.png>
Package pdftex.def Info: frames/frame66.png  used on input line 167.
(pdftex.def)             Requested size: 642.39844pt x 481.79881pt.
 <./frames/frame66.png> <a0,fr66>
<frames/frame67.png, id=991, 642.4pt x 481.8pt>
File: frames/frame67.png Graphic file (type png)
<use frames/frame67.png>
Package pdftex.def Info: frames/frame67.png  used on input line 167.
(pdftex.def)             Requested size: 642.39844pt x 481.79881pt.
 <./frames/frame67.png> <a0,fr67>
<frames/frame68.png, id=1002, 642.4pt x 481.8pt>
File: frames/frame68.png Graphic file (type png)
<use frames/frame68.png>
Package pdftex.def Info: frames/frame68.png  used on input line 167.
(pdftex.def)             Requested size: 642.39844pt x 481.79881pt.
 <./frames/frame68.png> <a0,fr68>
<frames/frame69.png, id=1013, 642.4pt x 481.8pt>
File: frames/frame69.png Graphic file (type png)
<use frames/frame69.png>
Package pdftex.def Info: frames/frame69.png  used on input line 167.
(pdftex.def)             Requested size: 642.39844pt x 481.79881pt.
 <./frames/frame69.png> <a0,fr69>
<frames/frame70.png, id=1024, 642.4pt x 481.8pt>
File: frames/frame70.png Graphic file (type png)
<use frames/frame70.png>
Package pdftex.def Info: frames/frame70.png  used on input line 167.
(pdftex.def)             Requested size: 642.39844pt x 481.79881pt.
 <./frames/frame70.png>
<a0,fr70>
<frames/frame71.png, id=1035, 642.4pt x 481.8pt>
File: frames/frame71.png Graphic file (type png)
<use frames/frame71.png>
Package pdftex.def Info: frames/frame71.png  used on input line 167.
(pdftex.def)             Requested size: 642.39844pt x 481.79881pt.
 <./frames/frame71.png> <a0,fr71>
<frames/frame72.png, id=1046, 642.4pt x 481.8pt>
File: frames/frame72.png Graphic file (type png)
<use frames/frame72.png>
Package pdftex.def Info: frames/frame72.png  used on input line 167.
(pdftex.def)             Requested size: 642.39844pt x 481.79881pt.
 <./frames/frame72.png> <a0,fr72>
<frames/frame73.png, id=1058, 642.4pt x 481.8pt>
File: frames/frame73.png Graphic file (type png)
<use frames/frame73.png>
Package pdftex.def Info: frames/frame73.png  used on input line 167.
(pdftex.def)             Requested size: 642.39844pt x 481.79881pt.
 <./frames/frame73.png> <a0,fr73>
<frames/frame74.png, id=1069, 642.4pt x 481.8pt>
File: frames/frame74.png Graphic file (type png)
<use frames/frame74.png>
Package pdftex.def Info: frames/frame74.png  used on input line 167.
(pdftex.def)             Requested size: 642.39844pt x 481.79881pt.
 <./frames/frame74.png> <a0,fr74>
<frames/frame75.png, id=1080, 642.4pt x 481.8pt>
File: frames/frame75.png Graphic file (type png)
<use frames/frame75.png>
Package pdftex.def Info: frames/frame75.png  used on input line 167.
(pdftex.def)             Requested size: 642.39844pt x 481.79881pt.
 <./frames/frame75.png> <a0,fr75>
<frames/frame76.png, id=1091, 642.4pt x 481.8pt>
File: frames/frame76.png Graphic file (type png)
<use frames/frame76.png>
Package pdftex.def Info: frames/frame76.png  used on input line 167.
(pdftex.def)             Requested size: 642.39844pt x 481.79881pt.
 <./frames/frame76.png> <a0,fr76>
<frames/frame77.png, id=1102, 642.4pt x 481.8pt>
File: frames/frame77.png Graphic file (type png)
<use frames/frame77.png>
Package pdftex.def Info: frames/frame77.png  used on input line 167.
(pdftex.def)             Requested size: 642.39844pt x 481.79881pt.
 <./frames/frame77.png>
<a0,fr77>
<frames/frame78.png, id=1113, 642.4pt x 481.8pt>
File: frames/frame78.png Graphic file (type png)
<use frames/frame78.png>
Package pdftex.def Info: frames/frame78.png  used on input line 167.
(pdftex.def)             Requested size: 642.39844pt x 481.79881pt.
 <./frames/frame78.png> <a0,fr78>
<frames/frame79.png, id=1124, 642.4pt x 481.8pt>
File: frames/frame79.png Graphic file (type png)
<use frames/frame79.png>
Package pdftex.def Info: frames/frame79.png  used on input line 167.
(pdftex.def)             Requested size: 642.39844pt x 481.79881pt.
 <./frames/frame79.png> <a0,fr79>
<frames/frame80.png, id=1135, 642.4pt x 481.8pt>
File: frames/frame80.png Graphic file (type png)
<use frames/frame80.png>
Package pdftex.def Info: frames/frame80.png  used on input line 167.
(pdftex.def)             Requested size: 642.39844pt x 481.79881pt.
 <./frames/frame80.png> <a0,fr80>
<frames/frame81.png, id=1146, 642.4pt x 481.8pt>
File: frames/frame81.png Graphic file (type png)
<use frames/frame81.png>
Package pdftex.def Info: frames/frame81.png  used on input line 167.
(pdftex.def)             Requested size: 642.39844pt x 481.79881pt.
 <./frames/frame81.png> <a0,fr81>
<frames/frame82.png, id=1157, 642.4pt x 481.8pt>
File: frames/frame82.png Graphic file (type png)
<use frames/frame82.png>
Package pdftex.def Info: frames/frame82.png  used on input line 167.
(pdftex.def)             Requested size: 642.39844pt x 481.79881pt.
 <./frames/frame82.png> <a0,fr82>
<frames/frame83.png, id=1168, 642.4pt x 481.8pt>
File: frames/frame83.png Graphic file (type png)
<use frames/frame83.png>
Package pdftex.def Info: frames/frame83.png  used on input line 167.
(pdftex.def)             Requested size: 642.39844pt x 481.79881pt.
 <./frames/frame83.png> <a0,fr83>
<frames/frame84.png, id=1179, 642.4pt x 481.8pt>
File: frames/frame84.png Graphic file (type png)
<use frames/frame84.png>
Package pdftex.def Info: frames/frame84.png  used on input line 167.
(pdftex.def)             Requested size: 642.39844pt x 481.79881pt.
 <./frames/frame84.png>
<a0,fr84>
<frames/frame85.png, id=1190, 642.4pt x 481.8pt>
File: frames/frame85.png Graphic file (type png)
<use frames/frame85.png>
Package pdftex.def Info: frames/frame85.png  used on input line 167.
(pdftex.def)             Requested size: 642.39844pt x 481.79881pt.
 <./frames/frame85.png> <a0,fr85>
<frames/frame86.png, id=1201, 642.4pt x 481.8pt>
File: frames/frame86.png Graphic file (type png)
<use frames/frame86.png>
Package pdftex.def Info: frames/frame86.png  used on input line 167.
(pdftex.def)             Requested size: 642.39844pt x 481.79881pt.
 <./frames/frame86.png> <a0,fr86>
<frames/frame87.png, id=1212, 642.4pt x 481.8pt>
File: frames/frame87.png Graphic file (type png)
<use frames/frame87.png>
Package pdftex.def Info: frames/frame87.png  used on input line 167.
(pdftex.def)             Requested size: 642.39844pt x 481.79881pt.
 <./frames/frame87.png> <a0,fr87>
<frames/frame88.png, id=1223, 642.4pt x 481.8pt>
File: frames/frame88.png Graphic file (type png)
<use frames/frame88.png>
Package pdftex.def Info: frames/frame88.png  used on input line 167.
(pdftex.def)             Requested size: 642.39844pt x 481.79881pt.
 <./frames/frame88.png> <a0,fr88>
<frames/frame89.png, id=1234, 642.4pt x 481.8pt>
File: frames/frame89.png Graphic file (type png)
<use frames/frame89.png>
Package pdftex.def Info: frames/frame89.png  used on input line 167.
(pdftex.def)             Requested size: 642.39844pt x 481.79881pt.
 <./frames/frame89.png> <a0,fr89>
<frames/frame90.png, id=1245, 642.4pt x 481.8pt>
File: frames/frame90.png Graphic file (type png)
<use frames/frame90.png>
Package pdftex.def Info: frames/frame90.png  used on input line 167.
(pdftex.def)             Requested size: 642.39844pt x 481.79881pt.
 <./frames/frame90.png> <a0,fr90>
<frames/frame91.png, id=1256, 642.4pt x 481.8pt>
File: frames/frame91.png Graphic file (type png)
<use frames/frame91.png>
Package pdftex.def Info: frames/frame91.png  used on input line 167.
(pdftex.def)             Requested size: 642.39844pt x 481.79881pt.
 <./frames/frame91.png>
<a0,fr91>
<frames/frame92.png, id=1267, 642.4pt x 481.8pt>
File: frames/frame92.png Graphic file (type png)
<use frames/frame92.png>
Package pdftex.def Info: frames/frame92.png  used on input line 167.
(pdftex.def)             Requested size: 642.39844pt x 481.79881pt.
 <./frames/frame92.png> <a0,fr92>
<frames/frame93.png, id=1278, 642.4pt x 481.8pt>
File: frames/frame93.png Graphic file (type png)
<use frames/frame93.png>
Package pdftex.def Info: frames/frame93.png  used on input line 167.
(pdftex.def)             Requested size: 642.39844pt x 481.79881pt.
 <./frames/frame93.png> <a0,fr93>
<frames/frame94.png, id=1289, 642.4pt x 481.8pt>
File: frames/frame94.png Graphic file (type png)
<use frames/frame94.png>
Package pdftex.def Info: frames/frame94.png  used on input line 167.
(pdftex.def)             Requested size: 642.39844pt x 481.79881pt.
 <./frames/frame94.png> <a0,fr94>
<frames/frame95.png, id=1300, 642.4pt x 481.8pt>
File: frames/frame95.png Graphic file (type png)
<use frames/frame95.png>
Package pdftex.def Info: frames/frame95.png  used on input line 167.
(pdftex.def)             Requested size: 642.39844pt x 481.79881pt.
 <./frames/frame95.png> <a0,fr95>
<frames/frame96.png, id=1311, 642.4pt x 481.8pt>
File: frames/frame96.png Graphic file (type png)
<use frames/frame96.png>
Package pdftex.def Info: frames/frame96.png  used on input line 167.
(pdftex.def)             Requested size: 642.39844pt x 481.79881pt.
 <./frames/frame96.png> <a0,fr96>
<frames/frame97.png, id=1322, 642.4pt x 481.8pt>
File: frames/frame97.png Graphic file (type png)
<use frames/frame97.png>
Package pdftex.def Info: frames/frame97.png  used on input line 167.
(pdftex.def)             Requested size: 642.39844pt x 481.79881pt.
 <./frames/frame97.png> <a0,fr97>
<frames/frame98.png, id=1334, 642.4pt x 481.8pt>
File: frames/frame98.png Graphic file (type png)
<use frames/frame98.png>
Package pdftex.def Info: frames/frame98.png  used on input line 167.
(pdftex.def)             Requested size: 642.39844pt x 481.79881pt.
 <./frames/frame98.png>
<a0,fr98>
<frames/frame99.png, id=1345, 642.4pt x 481.8pt>
File: frames/frame99.png Graphic file (type png)
<use frames/frame99.png>
Package pdftex.def Info: frames/frame99.png  used on input line 167.
(pdftex.def)             Requested size: 642.39844pt x 481.79881pt.
 <./frames/frame99.png> <a0,fr99> [9

] [10

]
No file Main.bbl.
[11

]
\tf@nav=\write6
\openout6 = `Main.nav'.

\tf@toc=\write7
\openout7 = `Main.toc'.

\tf@snm=\write8
\openout8 = `Main.snm'.

Package atveryend Info: Empty hook `BeforeClearDocument' on input line 193.
Package atveryend Info: Empty hook `AfterLastShipout' on input line 193.
 (./Main.aux

Package pdfbase Warning: Rerun to get internal references right!

)
Package atveryend Info: Executing hook `AtVeryEndDocument' on input line 193.
Package atveryend Info: Executing hook `AtEndAfterFileList' on input line 193.


Package rerunfilecheck Warning: File `Main.out' has changed.
(rerunfilecheck)                Rerun to get outlines right
(rerunfilecheck)                or use package `bookmark'.

Package rerunfilecheck Info: Checksums for `Main.out':
(rerunfilecheck)             Before: <no file>
(rerunfilecheck)             After:  3C82EC2E9A1DC5B79FB1644F0744E2AC;225.

LaTeX Warning: There were undefined references.


LaTeX Warning: Label(s) may have changed. Rerun to get cross-references right.

 ) 
Here is how much of TeX's memory you used:
 24366 strings out of 480608
 476651 string characters out of 5903629
 752897 words of memory out of 5000000
 39551 multiletter control sequences out of 15000+600000
 555147 words of font info for 59 fonts, out of 8000000 for 9000
 1141 hyphenation exceptions out of 8191
 58i,14n,67p,771b,782s stack positions out of 5000i,500n,10000p,200000b,80000s
{/usr/local/texlive/2020/texmf-dist/fonts/enc/dvips/base/8r.enc}</usr/local/t
exlive/2020/texmf-dist/fonts/type1/bitstrea/charter/bchb8a.pfb></usr/local/texl
ive/2020/texmf-dist/fonts/type1/bitstrea/charter/bchr8a.pfb></usr/local/texlive
/2020/texmf-dist/fonts/type1/bitstrea/charter/bchri8a.pfb></usr/local/texlive/2
020/texmf-dist/fonts/type1/public/amsfonts/cm/cmex10.pfb></usr/local/texlive/20
20/texmf-dist/fonts/type1/public/amsfonts/cm/cmmi10.pfb></usr/local/texlive/202
0/texmf-dist/fonts/type1/public/amsfonts/cm/cmmi7.pfb></usr/local/texlive/2020/
texmf-dist/fonts/type1/public/amsfonts/cm/cmr10.pfb></usr/local/texlive/2020/te
xmf-dist/fonts/type1/public/amsfonts/cm/cmr7.pfb></usr/local/texlive/2020/texmf
-dist/fonts/type1/public/amsfonts/cm/cmsy10.pfb></usr/local/texlive/2020/texmf-
dist/fonts/type1/public/amsfonts/symbols/msam10.pfb>
Output written on Main.pdf (11 pages, 6210695 bytes).
PDF statistics:
 1481 PDF objects out of 1728 (max. 8388607)
 832 compressed objects within 9 object streams
 30 named destinations out of 1000 (max. 500000)
 2981 words of extra memory for PDF output out of 10000 (max. 10000000)

